vmla_f32 | https://developer.arm.com/architectures/instruction-sets/intrinsics/vmla_f32
vmlaq_f32 | https://developer.arm.com/architectures/instruction-sets/intrinsics/vmlaq_f32
vmla_f64 | https://developer.arm.com/architectures/instruction-sets/intrinsics/vmla_f64
vmlaq_f64 | https://developer.arm.com/architectures/instruction-sets/intrinsics/vmlaq_f64
vmls_f32 | https://developer.arm.com/architectures/instruction-sets/intrinsics/vmls_f32
vmlsq_f32 | https://developer.arm.com/architectures/instruction-sets/intrinsics/vmlsq_f32
vmls_f64 | https://developer.arm.com/architectures/instruction-sets/intrinsics/vmls_f64
vmlsq_f64 | https://developer.arm.com/architectures/instruction-sets/intrinsics/vmlsq_f64
vqdmlal_lane_s16 | https://developer.arm.com/architectures/instruction-sets/intrinsics/vqdmlal_lane_s16
vqdmlal_lane_s32 | https://developer.arm.com/architectures/instruction-sets/intrinsics/vqdmlal_lane_s32
vqdmlsl_lane_s16 | https://developer.arm.com/architectures/instruction-sets/intrinsics/vqdmlsl_lane_s16
vqdmlsl_lane_s32 | https://developer.arm.com/architectures/instruction-sets/intrinsics/vqdmlsl_lane_s32
vqdmull_n_s16 | https://developer.arm.com/architectures/instruction-sets/intrinsics/vqdmull_n_s16
vqdmull_n_s32 | https://developer.arm.com/architectures/instruction-sets/intrinsics/vqdmull_n_s32
vqdmull_lane_s16 | https://developer.arm.com/architectures/instruction-sets/intrinsics/vqdmull_lane_s16
vqdmull_lane_s32 | https://developer.arm.com/architectures/instruction-sets/intrinsics/vqdmull_lane_s32
vqdmulh_n_s16 | https://developer.arm.com/architectures/instruction-sets/intrinsics/vqdmulh_n_s16
vqdmulhq_n_s16 | https://developer.arm.com/architectures/instruction-sets/intrinsics/vqdmulhq_n_s16
vqdmulh_n_s32 | https://developer.arm.com/architectures/instruction-sets/intrinsics/vqdmulh_n_s32
vqdmulhq_n_s32 | https://developer.arm.com/architectures/instruction-sets/intrinsics/vqdmulhq_n_s32
vqdmulh_lane_s16 | https://developer.arm.com/architectures/instruction-sets/intrinsics/vqdmulh_lane_s16
vqdmulhq_lane_s16 | https://developer.arm.com/architectures/instruction-sets/intrinsics/vqdmulhq_lane_s16
vqdmulh_lane_s32 | https://developer.arm.com/architectures/instruction-sets/intrinsics/vqdmulh_lane_s32
vqdmulhq_lane_s32 | https://developer.arm.com/architectures/instruction-sets/intrinsics/vqdmulhq_lane_s32
vqrdmulh_n_s16 | https://developer.arm.com/architectures/instruction-sets/intrinsics/vqrdmulh_n_s16
vqrdmulhq_n_s16 | https://developer.arm.com/architectures/instruction-sets/intrinsics/vqrdmulhq_n_s16
vqrdmulh_n_s32 | https://developer.arm.com/architectures/instruction-sets/intrinsics/vqrdmulh_n_s32
vqrdmulhq_n_s32 | https://developer.arm.com/architectures/instruction-sets/intrinsics/vqrdmulhq_n_s32
vqrdmulh_lane_s16 | https://developer.arm.com/architectures/instruction-sets/intrinsics/vqrdmulh_lane_s16
vqrdmulhq_lane_s16 | https://developer.arm.com/architectures/instruction-sets/intrinsics/vqrdmulhq_lane_s16
vqrdmulh_lane_s32 | https://developer.arm.com/architectures/instruction-sets/intrinsics/vqrdmulh_lane_s32
vqrdmulhq_lane_s32 | https://developer.arm.com/architectures/instruction-sets/intrinsics/vqrdmulhq_lane_s32
vqdmlal_n_s16 | https://developer.arm.com/architectures/instruction-sets/intrinsics/vqdmlal_n_s16
vqdmlal_n_s32 | https://developer.arm.com/architectures/instruction-sets/intrinsics/vqdmlal_n_s32
vqdmlsl_n_s16 | https://developer.arm.com/architectures/instruction-sets/intrinsics/vqdmlsl_n_s16
vqdmlsl_n_s32 | https://developer.arm.com/architectures/instruction-sets/intrinsics/vqdmlsl_n_s32
vamax_f16 | https://developer.arm.com/architectures/instruction-sets/intrinsics/vamax_f16
vamaxq_f16 | https://developer.arm.com/architectures/instruction-sets/intrinsics/vamaxq_f16
vamax_f32 | https://developer.arm.com/architectures/instruction-sets/intrinsics/vamax_f32
vamaxq_f32 | https://developer.arm.com/architectures/instruction-sets/intrinsics/vamaxq_f32
vamaxq_f64 | https://developer.arm.com/architectures/instruction-sets/intrinsics/vamaxq_f64
vamin_f16 | https://developer.arm.com/architectures/instruction-sets/intrinsics/vamin_f16
vaminq_f16 | https://developer.arm.com/architectures/instruction-sets/intrinsics/vaminq_f16
vamin_f32 | https://developer.arm.com/architectures/instruction-sets/intrinsics/vamin_f32
vaminq_f32 | https://developer.arm.com/architectures/instruction-sets/intrinsics/vaminq_f32
vaminq_f64 | https://developer.arm.com/architectures/instruction-sets/intrinsics/vaminq_f64
